SF:app/lib/src/modules/authentication/domain/entities/authenticate_entity.dart
DA:6,7
DA:8,2
DA:9,4
LF:3
LH:3
end_of_record
SF:app/lib/src/modules/authentication/domain/params/authentication_params.dart
DA:8,46
LF:1
LH:1
end_of_record
SF:app/lib/src/modules/authentication/domain/usecases/authenticate_usecase.dart
DA:15,1
DA:17,1
DA:20,2
DA:21,1
DA:22,1
DA:26,2
LF:6
LH:6
end_of_record
SF:app/lib/src/modules/authentication/domain/usecases/logout_user_usecase.dart
DA:12,1
DA:14,1
DA:16,2
LF:3
LH:3
end_of_record
SF:app/lib/src/modules/authentication/domain/usecases/save_token_usecase.dart
DA:14,1
DA:16,1
DA:19,2
LF:3
LH:3
end_of_record
SF:app/lib/src/modules/authentication/external/datasources/authenticate_datasource.dart
DA:13,1
DA:15,1
DA:18,2
DA:20,1
DA:23,2
LF:5
LH:5
end_of_record
SF:app/lib/src/modules/authentication/external/datasources/logout_user_datasource.dart
DA:7,1
DA:9,1
DA:11,2
LF:3
LH:3
end_of_record
SF:app/lib/src/modules/authentication/external/drivers/token_save_drive.dart
DA:9,1
DA:11,1
DA:13,2
DA:17,1
DA:18,1
DA:21,2
DA:24,1
DA:26,2
LF:8
LH:8
end_of_record
SF:app/lib/src/modules/authentication/external/errors/authenticate_mapper_error.dart
DA:4,1
DA:7,1
LF:2
LH:2
end_of_record
SF:app/lib/src/modules/authentication/external/mappers/authenticate_mapper.dart
DA:5,1
DA:7,2
DA:9,1
DA:10,1
LF:4
LH:4
end_of_record
SF:app/lib/src/modules/authentication/external/mappers/authentication_mapper.dart
DA:4,1
DA:5,1
DA:6,2
DA:7,2
DA:8,2
LF:5
LH:5
end_of_record
SF:app/lib/src/modules/authentication/infra/repositories/authenticate_repository.dart
DA:11,1
DA:13,1
DA:17,2
DA:18,1
DA:19,1
DA:20,1
DA:22,3
LF:7
LH:7
end_of_record
SF:app/lib/src/modules/authentication/infra/repositories/logout_user_repository.dart
DA:11,1
DA:16,1
DA:19,2
DA:20,2
DA:21,1
DA:22,1
DA:23,1
DA:25,3
LF:8
LH:8
end_of_record
SF:app/lib/src/modules/authentication/infra/repositories/token_saving_repository.dart
DA:10,1
DA:12,1
DA:16,2
DA:17,1
DA:18,1
DA:19,1
DA:21,3
LF:7
LH:7
end_of_record
SF:app/lib/src/modules/authentication/presenter/store/authenticate_store.dart
DA:16,1
DA:21,2
DA:23,0
DA:24,0
DA:26,0
DA:28,0
DA:29,0
DA:31,2
DA:32,2
DA:33,2
DA:34,2
DA:37,1
DA:38,1
DA:39,3
DA:41,1
DA:42,1
DA:43,1
DA:45,1
DA:48,1
DA:49,2
DA:50,2
DA:51,1
DA:52,0
DA:53,5
DA:57,0
DA:58,0
DA:59,0
DA:60,0
DA:63,0
DA:64,0
LF:30
LH:18
end_of_record
SF:app/lib/src/modules/dashboard/domain/aggregate/dashboard_aggregate.dart
DA:14,46
LF:1
LH:1
end_of_record
SF:app/lib/src/modules/dashboard/domain/entities/document_entity.dart
DA:11,3
DA:20,1
DA:21,1
DA:22,1
DA:23,1
DA:24,1
DA:25,1
DA:26,1
DA:27,1
LF:9
LH:9
end_of_record
SF:app/lib/src/modules/dashboard/domain/entities/sales_entity.dart
DA:10,3
DA:18,1
DA:19,1
DA:20,1
DA:21,1
DA:22,1
DA:23,1
DA:24,1
LF:8
LH:8
end_of_record
SF:app/lib/src/modules/dashboard/domain/entities/supplier_entity.dart
DA:12,47
DA:22,1
DA:23,1
DA:24,1
DA:25,1
DA:26,1
DA:27,1
DA:28,1
DA:29,1
DA:30,1
LF:10
LH:10
end_of_record
SF:app/lib/src/modules/dashboard/domain/usecases/featch_content_dashboard_usecase.dart
DA:13,1
DA:15,1
DA:17,1
DA:18,1
DA:19,1
DA:23,2
LF:6
LH:6
end_of_record
SF:app/lib/src/modules/dashboard/external/datasource/fetch_content_dashboard_datasource.dart
DA:12,1
DA:14,1
DA:16,2
DA:18,1
DA:20,2
LF:5
LH:5
end_of_record
SF:app/lib/src/modules/dashboard/external/error/dashboard_mapper_error.dart
DA:4,1
DA:7,1
LF:2
LH:2
end_of_record
SF:app/lib/src/modules/dashboard/external/mapper/dashboard_mapper.dart
DA:10,2
DA:12,2
DA:13,4
DA:14,4
DA:15,2
DA:16,4
DA:18,6
DA:19,6
DA:22,1
DA:23,1
DA:29,2
DA:30,2
DA:31,4
DA:32,2
DA:33,4
DA:34,2
DA:35,2
DA:36,2
DA:37,4
DA:41,2
DA:44,2
DA:45,4
DA:46,2
DA:47,4
DA:48,4
DA:49,2
DA:50,2
DA:51,2
DA:54,2
DA:57,2
DA:59,2
DA:60,4
DA:61,2
DA:62,4
DA:63,2
DA:64,4
DA:65,4
DA:67,2
LF:38
LH:38
end_of_record
SF:app/lib/src/modules/dashboard/infra/repository/fetch_content_dashboard_repository.dart
DA:11,1
DA:13,1
DA:18,2
DA:20,1
DA:21,1
DA:22,1
DA:24,3
LF:7
LH:7
end_of_record
SF:app/lib/src/modules/dashboard/presenter/store/dashboard_store.dart
DA:10,1
DA:13,2
DA:15,1
DA:16,1
DA:18,2
DA:19,2
DA:21,1
DA:22,1
DA:23,2
DA:24,1
DA:30,1
DA:33,0
DA:34,0
DA:35,0
DA:37,0
DA:39,0
DA:40,0
DA:44,0
DA:45,0
DA:46,0
DA:48,0
DA:50,0
DA:51,0
DA:55,0
DA:56,0
LF:25
LH:11
end_of_record
SF:app/lib/src/modules/faq/domain/domain/item_faq_entity.dart
DA:9,8
DA:17,1
DA:18,1
DA:19,1
DA:20,1
DA:21,1
DA:22,1
DA:23,1
LF:8
LH:8
end_of_record
SF:app/lib/src/modules/faq/domain/usecases/fetch_faq_list_usecase.dart
DA:13,1
DA:15,1
DA:17,2
LF:3
LH:3
end_of_record
SF:app/lib/src/modules/faq/domain/usecases/fetch_faq_usecase.dart
DA:13,1
DA:15,1
DA:17,2
LF:3
LH:3
end_of_record
SF:app/lib/src/modules/faq/external/datasource/faq_datasource.dart
DA:10,1
DA:12,1
DA:14,3
DA:15,2
DA:18,1
DA:20,2
DA:21,4
LF:7
LH:7
end_of_record
SF:app/lib/src/modules/faq/external/error/item_mapper_error.dart
DA:4,1
LF:1
LH:1
end_of_record
SF:app/lib/src/modules/faq/external/error/list_item_mapper_error.dart
DA:4,1
LF:1
LH:1
end_of_record
SF:app/lib/src/modules/faq/external/mapper/faq_mapper.dart
DA:6,2
DA:9,4
DA:11,2
DA:15,2
DA:17,2
DA:18,2
DA:19,2
DA:20,2
DA:21,2
DA:22,2
DA:25,2
LF:11
LH:11
end_of_record
SF:app/lib/src/modules/faq/infra/repository/faq_repository.dart
DA:9,1
DA:10,1
DA:13,2
DA:15,1
DA:16,1
DA:17,1
DA:19,3
DA:23,1
DA:26,2
DA:28,1
DA:29,1
DA:30,1
DA:32,3
LF:13
LH:13
end_of_record
SF:app/lib/src/modules/faq/presenter/faq_page/store/faq_store.dart
DA:9,3
DA:11,1
DA:12,1
DA:14,2
DA:16,1
DA:17,1
DA:18,2
DA:19,1
DA:23,1
LF:9
LH:9
end_of_record
SF:app/lib/src/modules/faq/presenter/help_page/store/help_store.dart
DA:9,3
DA:11,4
DA:13,1
DA:14,1
DA:16,4
DA:18,1
DA:19,1
DA:20,2
DA:21,1
DA:22,1
DA:23,1
DA:24,1
DA:25,1
DA:30,1
LF:14
LH:14
end_of_record
SF:app/lib/src/modules/sales/submodules/easy_purchase/domain/entities/easy_purchase_entity.dart
DA:9,46
DA:15,1
DA:19,3
DA:20,3
DA:21,3
DA:24,0
DA:26,0
LF:7
LH:5
end_of_record
SF:app/lib/src/modules/sales/submodules/easy_purchase/domain/params/easy_purchase_params.dart
DA:7,5
LF:1
LH:1
end_of_record
SF:app/lib/src/modules/sales/submodules/easy_purchase/domain/usecases/easy_purchase_usecase.dart
DA:14,1
DA:16,1
DA:19,2
DA:20,1
DA:21,1
DA:25,2
DA:26,1
DA:27,1
DA:31,2
LF:9
LH:9
end_of_record
SF:app/lib/src/modules/sales/submodules/easy_purchase/external/datasources/easy_purchase_datasource.dart
DA:13,1
DA:15,1
DA:17,2
DA:19,1
DA:22,2
LF:5
LH:5
end_of_record
SF:app/lib/src/modules/sales/submodules/easy_purchase/external/errors/easy_purchase_entity_mapper_error.dart
DA:4,1
DA:7,1
LF:2
LH:2
end_of_record
SF:app/lib/src/modules/sales/submodules/easy_purchase/external/mappers/easy_purchase_entity_mapper.dart
DA:7,1
DA:9,1
DA:10,1
DA:11,1
DA:12,2
DA:15,2
LF:6
LH:6
end_of_record
SF:app/lib/src/modules/sales/submodules/easy_purchase/external/mappers/easy_purchase_params_mapper.dart
DA:4,1
DA:5,1
DA:6,2
DA:7,2
LF:4
LH:4
end_of_record
SF:app/lib/src/modules/sales/submodules/easy_purchase/infra/repositories/easy_purchase_repository.dart
DA:11,1
DA:13,1
DA:17,2
DA:19,1
DA:20,1
DA:21,1
DA:23,3
LF:7
LH:7
end_of_record
SF:app/lib/src/modules/sales/submodules/easy_purchase/presenter/store/easy_purchase_store.dart
DA:13,3
DA:15,2
DA:16,2
DA:19,2
DA:20,2
DA:23,2
DA:24,2
DA:25,2
DA:28,1
DA:29,1
DA:31,3
DA:33,3
DA:34,1
DA:35,2
DA:36,1
DA:37,1
DA:38,1
DA:39,1
DA:44,3
DA:47,1
DA:50,1
DA:51,1
DA:53,1
DA:54,2
DA:59,0
DA:60,0
DA:61,0
LF:27
LH:24
end_of_record
SF:app/lib/src/modules/sales/submodules/typed_sale/domain/entities/typed_sale_entity.dart
DA:9,46
DA:17,3
DA:22,3
DA:23,3
DA:24,3
DA:25,3
DA:26,3
DA:29,0
DA:31,0
DA:32,0
DA:33,0
DA:34,0
DA:35,0
LF:13
LH:7
end_of_record
SF:app/lib/src/modules/sales/submodules/typed_sale/domain/params/typed_sale_params.dart
DA:9,5
LF:1
LH:1
end_of_record
SF:app/lib/src/modules/sales/submodules/typed_sale/domain/usecases/typed_sale_usecase.dart
DA:14,1
DA:16,1
DA:18,2
DA:19,1
DA:20,1
DA:24,2
DA:25,1
DA:26,1
DA:30,2
DA:31,1
DA:32,1
DA:36,2
DA:37,1
DA:38,1
DA:42,2
LF:15
LH:15
end_of_record
SF:app/lib/src/modules/sales/submodules/typed_sale/external/datasources/typed_sale_datasource.dart
DA:13,1
DA:15,1
DA:17,2
DA:19,1
DA:22,2
LF:5
LH:5
end_of_record
SF:app/lib/src/modules/sales/submodules/typed_sale/external/errors/typed_sale_entity_mapper_error.dart
DA:4,1
DA:7,1
LF:2
LH:2
end_of_record
SF:app/lib/src/modules/sales/submodules/typed_sale/external/mappers/typed_sale_entity_mapper.dart
DA:5,1
DA:7,1
DA:8,1
DA:9,1
DA:10,1
DA:11,1
DA:12,1
DA:15,2
LF:8
LH:8
end_of_record
SF:app/lib/src/modules/sales/submodules/typed_sale/external/mappers/typed_sale_params_mapper.dart
DA:4,1
DA:5,1
DA:6,2
DA:7,2
DA:8,2
DA:9,2
LF:6
LH:6
end_of_record
SF:app/lib/src/modules/sales/submodules/typed_sale/infra/repositories/typed_sale_repository.dart
DA:11,1
DA:13,1
DA:17,2
DA:19,1
DA:20,1
DA:21,1
DA:23,3
LF:7
LH:7
end_of_record
SF:app/lib/src/modules/sales/submodules/typed_sale/presenter/store/typed_sale_store.dart
DA:11,3
DA:13,1
DA:14,3
DA:16,1
DA:17,3
DA:19,4
DA:21,1
DA:22,3
DA:24,2
DA:25,2
DA:26,2
DA:27,2
DA:28,2
DA:31,1
DA:32,1
DA:34,3
DA:36,1
DA:37,1
DA:38,1
DA:39,1
DA:40,2
DA:41,1
DA:42,1
DA:43,1
DA:44,1
DA:45,1
DA:46,1
DA:54,1
LF:28
LH:28
end_of_record
SF:app/lib/src/modules/save_document/domain/dto/message_response_dto.dart
DA:5,4
LF:1
LH:1
end_of_record
SF:app/lib/src/modules/save_document/domain/dto/save_document_dto.dart
DA:8,5
DA:14,1
DA:15,1
DA:16,2
DA:17,1
LF:5
LH:5
end_of_record
SF:app/lib/src/modules/save_document/domain/usecase/save_document_usecase.dart
DA:15,1
DA:17,1
DA:20,2
LF:3
LH:3
end_of_record
SF:app/lib/src/modules/save_document/external/datasource/save_document_datasource.dart
DA:11,1
DA:12,1
DA:15,2
DA:16,1
DA:17,1
DA:21,2
DA:26,2
LF:7
LH:7
end_of_record
SF:app/lib/src/modules/save_document/external/mapper/save_document_mapper.dart
DA:4,1
DA:5,1
DA:6,1
DA:7,1
LF:4
LH:4
end_of_record
SF:app/lib/src/modules/save_document/infra/repository/save_document_repository.dart
DA:10,1
DA:12,1
DA:17,2
DA:19,1
DA:20,1
DA:21,1
DA:23,3
LF:7
LH:7
end_of_record
SF:app/lib/src/modules/save_document/presenter/page/store/save_document_store.dart
DA:11,1
DA:14,2
DA:16,2
DA:17,2
DA:20,1
DA:21,1
DA:23,2
DA:25,3
DA:27,1
DA:30,1
DA:31,1
DA:33,3
DA:35,3
DA:36,2
DA:39,1
DA:40,1
DA:41,3
DA:44,1
DA:47,3
LF:19
LH:19
end_of_record
SF:app/lib/src/modules/splash/page/splash_store.dart/splash_store.dart
DA:8,3
DA:10,1
DA:11,1
DA:13,2
DA:15,1
DA:16,3
DA:18,3
DA:21,1
LF:8
LH:8
end_of_record
